<?xml version="1.0" encoding="UTF-8"?>
<testsuite name="tests.PetApiTest" tests="1" skipped="0" failures="0" errors="0" timestamp="2025-08-11T16:35:19" hostname="MacBookPro" time="1.842">
  <properties/>
  <testcase name="Find pet by id" classname="tests.PetApiTest" time="1.842"/>
  <system-out><![CDATA[Request method:	GET
Request URI:	https://petstore.swagger.io/v2/pet/9223372036854770000
Proxy:			<none>
Request params:	<none>
Query params:	<none>
Form params:	<none>
Path params:	<none>
Headers:		Accept=*/*
				Content-Type=application/json
Cookies:		<none>
Multiparts:		<none>
Body:			<none>
HTTP/1.1 200 OK
Date: Mon, 11 Aug 2025 16:35:20 GMT
Content-Type: application/json
Transfer-Encoding: chunked
Connection: keep-alive
Access-Control-Allow-Origin: *
Access-Control-Allow-Methods: GET, POST, DELETE, PUT
Access-Control-Allow-Headers: Content-Type, api_key, Authorization
Server: Jetty(9.2.9.v20150224)

{
    "id": 9223372036854770000,
    "category": {
        "id": 0,
        "name": "string"
    },
    "name": "doggie",
    "photoUrls": [
        "string"
    ],
    "tags": [
        {
            "id": 0,
            "name": "string"
        }
    ],
    "status": "string"
}
]]></system-out>
  <system-err><![CDATA[]]></system-err>
</testsuite>
