<?xml version="1.0" encoding="UTF-8"?>
<testsuite name="tests.UserApiTest" tests="1" skipped="0" failures="0" errors="0" timestamp="2025-08-11T16:31:09" hostname="MacBookPro" time="2.22">
  <properties/>
  <testcase name="Create user" classname="tests.UserApiTest" time="2.22"/>
  <system-out><![CDATA[Request method:	POST
Request URI:	https://petstore.swagger.io/v2/user
Proxy:			<none>
Request params:	<none>
Query params:	<none>
Form params:	<none>
Path params:	<none>
Headers:		Accept=*/*
				Content-Type=application/json
Cookies:		<none>
Multiparts:		<none>
Body:
{
    "id": 3793,
    "userName": "Dwight",
    "firstName": "Dwight",
    "lastName": "Turcotte",
    "email": "rufus.schmeler@gmail.com",
    "password": "fct5pn9ux",
    "phone": "130-366-0599",
    "userStatus": -210021222
}
HTTP/1.1 200 OK
Date: Mon, 11 Aug 2025 16:31:11 GMT
Content-Type: application/json
Transfer-Encoding: chunked
Connection: keep-alive
Access-Control-Allow-Origin: *
Access-Control-Allow-Methods: GET, POST, DELETE, PUT
Access-Control-Allow-Headers: Content-Type, api_key, Authorization
Server: Jetty(9.2.9.v20150224)

{
    "code": 200,
    "type": "unknown",
    "message": "3793"
}
]]></system-out>
  <system-err><![CDATA[]]></system-err>
</testsuite>
