<?xml version="1.0" encoding="UTF-8"?>
<testsuite name="tests.PetApiTest" tests="1" skipped="0" failures="0" errors="0" timestamp="2025-08-11T07:28:56" hostname="MacBookPro" time="1.984">
  <properties/>
  <testcase name="Find pet by status 'Sold'" classname="tests.PetApiTest" time="1.984"/>
  <system-out><![CDATA[Request method:	GET
Request URI:	https://petstore.swagger.io/v2/pet/findByStatus?status=sold
Proxy:			<none>
Request params:	status=sold
Query params:	<none>
Form params:	<none>
Path params:	<none>
Headers:		Accept=*/*
				Content-Type=application/json
Cookies:		<none>
Multiparts:		<none>
Body:			<none>
HTTP/1.1 200 OK
Date: Mon, 11 Aug 2025 07:28:58 GMT
Content-Type: application/json
Transfer-Encoding: chunked
Connection: keep-alive
Access-Control-Allow-Origin: *
Access-Control-Allow-Methods: GET, POST, DELETE, PUT
Access-Control-Allow-Headers: Content-Type, api_key, Authorization
Server: Jetty(9.2.9.v20150224)

[
    {
        "id": 85299,
        "category": {
            "id": 1,
            "name": "my"
        },
        "name": "Latoya",
        "photoUrls": [
            "https://placekitten.com/92/887"
        ],
        "tags": [
            {
                "id": 19,
                "name": "wish"
            }
        ],
        "status": "sold"
    },
    {
        "id": 141935,
        "category": {
            "id": 100190,
            "name": "sabre"
        },
        "name": "puppy2",
        "photoUrls": [
            "string"
        ],
        "tags": [
            {
                "id": 678887,
                "name": "sohan"
            }
        ],
        "status": "sold"
    },
    {
        "id": 9223372036854764048,
        "category": {
            "id": -34705574,
            "name": "consectetur ea fugiat"
        },
        "name": "doggie",
        "photoUrls": [
            "cillum qui pariatur incididunt",
            "laboris re"
        ],
        "tags": [
            {
                "id": 8890229,
                "name": "eu"
            },
            {
                "id": 19670278,
                "name": "ipsum Duis anim veniam"
            }
        ],
        "status": "sold"
    },
    {
        "id": 9223372036854764059,
        "category": {
            "id": 0,
            "name": "Gatos"
        },
        "name": "Bobby",
        "photoUrls": [
            "photoUrl"
        ],
        "tags": [
            {
                "id": 0,
                "name": "gatos"
            }
        ],
        "status": "sold"
    },
    {
        "id": 65465013,
        "category": {
            "id": 27559527,
            "name": "elit tempor"
        },
        "name": "doggie",
        "photoUrls": [
            "dolor laboris eiusmod",
            "dolor "
        ],
        "tags": [
            {
                "id": -62532342,
                "name": "ullamco esse deserunt"
            },
            {
                "id": -45299952,
                "name": "ulla"
            }
        ],
        "status": "sold"
    },
    {
        "id": 51617,
        "name": "Buddy-51617",
        "photoUrls": [
            
        ],
        "tags": [
            
        ],
        "status": "sold"
    },
    {
        "id": 9223372036854764221,
        "category": {
            "id": 0,
            "name": "BOMERIAN"
        },
        "name": "katy",
        "photoUrls": [
            "string"
        ],
        "tags": [
            {
                "id": 0,
                "name": "JEPPHAT"
            }
        ],
        "status": "sold"
    },
    {
        "id": 2307,
        "category": {
            "id": 4555,
            "name": "sello"
        },
        "name": "sello",
        "photoUrls": [
            "string"
        ],
        "tags": [
            {
                "id": 0,
                "name": "string"
            }
        ],
        "status": "sold"
    },
    {
        "id": 13,
        "category": {
            "id": 0,
            "name": "cats"
        },
        "photoUrls": [
            "string"
        ],
        "tags": [
            {
                "id": 0,
                "name": "string"
            }
        ],
        "status": "sold"
    },
    {
        "id": 275447,
        "category": {
            "id": 589422,
            "name": "sabre"
        },
        "name": "puppy2",
        "photoUrls": [
            "string"
        ],
        "tags": [
            {
                "id": 678887,
                "name": "sohan"
            }
        ],
        "status": "sold"
    },
    {
        "id": 28,
        "category": {
            "id": 40,
            "name": "dog"
        },
        "name": "Cookie",
        "photoUrls": [
            "string"
        ],
        "tags": [
            {
                "id": 9,
                "name": "West Highland Terrier"
            }
        ],
        "status": "sold"
    },
    {
        "id": 9223372036854764531,
        "category": {
            "id": 0,
            "name": "BOMERIAN"
        },
        "name": "katy",
        "photoUrls": [
            "string"
        ],
        "tags": [
            {
                "id": 0,
                "name": "JEPPHAT"
            }
        ],
        "status": "sold"
    },
    {
        "id": 9223372036854764618,
        "name": "Charlie",
        "photoUrls": [
            
        ],
        "tags": [
            
        ],
        "status": "sold"
    },
    {
        "id": 12,
        "category": {
            "id": 0,
            "name": "dogs"
        },
        "name": "Fido",
        "photoUrls": [
            "string"
        ],
        "tags": [
            {
                "id": 0,
                "name": "string"
            }
        ],
        "status": "sold"
    },
    {
        "id": 9223372036854764639,
        "category": {
            "id": 0,
            "name": "string"
        },
        "name": "doggie",
        "photoUrls": [
            "string"
        ],
        "tags": [
            {
                "id": 0,
                "name": "string"
            }
        ],
        "status": "sold"
    },
    {
        "id": 9223372036854764642,
        "name": "Charlie",
        "photoUrls": [
            
        ],
        "tags": [
            
        ],
        "status": "sold"
    },
    {
        "id": 9,
        "category": {
            "id": 0,
            "name": "cats"
        },
        "name": "King Kong",
        "photoUrls": [
            "string"
        ],
        "tags": [
            {
                "id": 0,
                "name": "string"
            }
        ],
        "status": "sold"
    },
    {
        "id": 1012,
        "name": "timmee",
        "photoUrls": [
            
        ],
        "tags": [
            
        ],
        "status": "sold"
    },
    {
        "id": 1754896849380,
        "name": "LuigisPet",
        "photoUrls": [
            "https://example.com"
        ],
        "tags": [
            
        ],
        "status": "sold"
    }
]
]]></system-out>
  <system-err><![CDATA[]]></system-err>
</testsuite>
